<?xml version="1.0" encoding="UTF-8"?>
<!-- Generated by org.testng.reporters.JUnitReportReporter -->
<testsuite skipped="0" hostname="Thaswika" name="com.tweet.Twitter.ReplyTweet" tests="1" failures="0" timestamp="2020-02-05T23:50:05 SGT" time="14.132" errors="0">
  <testcase name="replyTweet" time="14.132" classname="com.tweet.Twitter.ReplyTweet"/>
</testsuite> <!-- com.tweet.Twitter.ReplyTweet -->
