<?xml version="1.0" encoding="UTF-8"?>
<!-- Generated by org.testng.reporters.JUnitReportReporter -->
<testsuite skipped="0" hostname="Thaswika" name="com.tweet.Twitter.DeleteTweet" tests="1" failures="0" timestamp="2020-02-05T23:50:05 SGT" time="12.453" errors="0">
  <testcase name="deleteTweet" time="12.453" classname="com.tweet.Twitter.DeleteTweet"/>
</testsuite> <!-- com.tweet.Twitter.DeleteTweet -->
