<?xml version="1.0" encoding="UTF-8"?>
<!-- Generated by org.testng.reporters.JUnitReportReporter -->
<testsuite skipped="0" hostname="Thaswika" name="com.tweet.Twitter.CreateTweet" tests="1" failures="0" timestamp="2020-02-05T23:50:05 SGT" time="10.280" errors="0">
  <testcase name="createTweet" time="10.280" classname="com.tweet.Twitter.CreateTweet"/>
</testsuite> <!-- com.tweet.Twitter.CreateTweet -->
