<?xml version="1.0" encoding="UTF-8"?>
<!-- Generated by org.testng.reporters.JUnitReportReporter -->
<testsuite skipped="0" hostname="Thaswika" name="com.tweet.Twitter.LikeTweet" tests="1" failures="0" timestamp="2020-02-05T23:50:05 SGT" time="16.344" errors="0">
  <testcase name="likeTweet" time="16.344" classname="com.tweet.Twitter.LikeTweet"/>
</testsuite> <!-- com.tweet.Twitter.LikeTweet -->
